<?xml version="1.0" encoding="UTF-8"?>
<!-- Generated by org.testng.reporters.JUnitReportReporter -->
<testsuite hostname="ANIL" failures="0" tests="1" name="futuretrend.alltest.WebTableTest" time="45.045" errors="0" timestamp="2023-05-14T18:46:55 IST" skipped="0">
  <testcase classname="futuretrend.alltest.WebTableTest" name="webtablecase1" time="45.045"/>
  <system-out/>
</testsuite> <!-- futuretrend.alltest.WebTableTest -->
