<?xml version="1.0" encoding="UTF-8"?>
<!-- Generated by org.testng.reporters.JUnitReportReporter -->
<testsuite hostname="ANIL" failures="0" tests="1" name="futuretrend.alltest.NegativeLoginCase2" time="8.806" errors="0" timestamp="2023-05-14T15:38:30 IST" skipped="0">
  <testcase classname="futuretrend.alltest.NegativeLoginCase2" name="negativeLoginCase2" time="8.806"/>
  <system-out/>
</testsuite> <!-- futuretrend.alltest.NegativeLoginCase2 -->
