<?xml version="1.0" encoding="UTF-8"?>
<!-- Generated by org.testng.reporters.JUnitReportReporter -->
<testsuite hostname="ANIL" failures="0" tests="1" name="futuretrend.alltest.BookStoreCase1" time="14.375" errors="0" timestamp="2023-05-14T16:27:53 IST" skipped="0">
  <testcase classname="futuretrend.alltest.BookStoreCase1" name="searchbookstorecase1" time="14.375"/>
  <system-out/>
</testsuite> <!-- futuretrend.alltest.BookStoreCase1 -->
