<?xml version="1.0" encoding="UTF-8"?>
<!-- Generated by org.testng.reporters.JUnitReportReporter -->
<testsuite hostname="ANIL" failures="0" tests="1" name="futuretrend.alltest.LoginTest" time="15.520" errors="0" timestamp="2023-05-14T15:38:30 IST" skipped="0">
  <testcase classname="futuretrend.alltest.LoginTest" name="loginCase" time="15.520"/>
  <system-out/>
</testsuite> <!-- futuretrend.alltest.LoginTest -->
