<?xml version="1.0" encoding="UTF-8"?>
<!-- Generated by org.testng.reporters.JUnitReportReporter -->
<testsuite hostname="ANIL" failures="0" tests="1" name="futuretrend.alltest.NegativeLoginCase1" time="10.486" errors="0" timestamp="2023-05-14T15:38:30 IST" skipped="0">
  <testcase classname="futuretrend.alltest.NegativeLoginCase1" name="negativeLoginCase1" time="10.486"/>
  <system-out/>
</testsuite> <!-- futuretrend.alltest.NegativeLoginCase1 -->
