<?xml version="1.0" encoding="UTF-8"?>
<!-- Generated by org.testng.reporters.JUnitReportReporter -->
<testsuite hostname="ANIL" failures="0" tests="1" name="futuretrend.alltest.Sample" time="8.992" errors="0" timestamp="2023-05-13T15:08:35 IST" skipped="0">
  <testcase classname="futuretrend.alltest.Sample" name="test1" time="8.992"/>
  <system-out/>
</testsuite> <!-- futuretrend.alltest.Sample -->
