<?xml version="1.0" encoding="UTF-8"?>
<!-- Generated by org.testng.reporters.JUnitReportReporter -->
<testsuite hostname="ANIL" failures="0" tests="1" name="futuretrend.alltest.RadioButtonTest" time="16.170" errors="0" timestamp="2023-05-14T19:11:50 IST" skipped="0">
  <testcase classname="futuretrend.alltest.RadioButtonTest" name="radiobuttoncase" time="16.170"/>
  <system-out/>
</testsuite> <!-- futuretrend.alltest.RadioButtonTest -->
