<?xml version="1.0" encoding="UTF-8"?>
<!-- Generated by org.testng.reporters.JUnitReportReporter -->
<testsuite hostname="ANIL" failures="0" tests="1" name="futuretrend.alltest.PracticseFormTest" time="20.569" errors="0" timestamp="2023-05-14T18:21:16 IST" skipped="0">
  <testcase classname="futuretrend.alltest.PracticseFormTest" name="practicseformCase1" time="20.569"/>
  <system-out/>
</testsuite> <!-- futuretrend.alltest.PracticseFormTest -->
