<?xml version="1.0" encoding="UTF-8"?>
<!-- Generated by org.testng.reporters.JUnitReportReporter -->
<testsuite hostname="ANIL" failures="0" tests="1" name="futuretrend.alltest.BookStoreCase3" time="12.923" errors="0" timestamp="2023-05-14T16:27:53 IST" skipped="0">
  <testcase classname="futuretrend.alltest.BookStoreCase3" name="searchbookstorecase1" time="12.923"/>
  <system-out/>
</testsuite> <!-- futuretrend.alltest.BookStoreCase3 -->
